c:\quarantine\hardcore\dx\debug\vc120.pdb
c:\quarantine\hardcore\dx\debug\vc120.idb
c:\quarantine\hardcore\dx\debug\anim_biped.obj
c:\quarantine\hardcore\dx\debug\collision.obj
c:\quarantine\hardcore\dx\debug\data.obj
c:\quarantine\hardcore\dx\debug\goby.obj
c:\quarantine\hardcore\dx\debug\horde3d_platform.obj
c:\quarantine\hardcore\dx\debug\iksolver2d.obj
c:\quarantine\hardcore\dx\debug\interface.obj
c:\quarantine\hardcore\dx\debug\physicssys.obj
c:\quarantine\hardcore\dx\debug\render.obj
c:\quarantine\hardcore\dx\debug\scene.obj
c:\quarantine\hardcore\dx\debug\system.obj
c:\quarantine\hardcore\dx\debug\terrain.obj
c:\quarantine\hardcore\dx\debug\utility.obj
c:\quarantine\hardcore\debug\dx.lib
c:\quarantine\hardcore\dx\debug\dx.tlog\cl.command.1.tlog
c:\quarantine\hardcore\dx\debug\dx.tlog\cl.read.1.tlog
c:\quarantine\hardcore\dx\debug\dx.tlog\cl.write.1.tlog
c:\quarantine\hardcore\dx\debug\dx.tlog\lib-link.read.1.tlog
c:\quarantine\hardcore\dx\debug\dx.tlog\lib-link.write.1.tlog
c:\quarantine\hardcore\dx\debug\dx.tlog\lib.command.1.tlog
